# JRE version: Java(TM) SE Runtime Environment (21.0.8+12) (build 21.0.8+12-LTS-250)
# Java VM: Java HotSpot(TM) 64-Bit Server VM (21.0.8+12-LTS-250, mixed mode, sharing, tiered, compressed oops, compressed class ptrs, g1 gc, windows-amd64)
GC Precious Log:
 CardTable entry size: 512
 Card Set container configuration: InlinePtr #cards 4 size 8 Array Of Cards #cards 16 size 48 Howl #buckets 8 coarsen threshold 3686 Howl Bitmap #cards 512 size 80 coarsen threshold 460 Card regions per heap region 1 cards per card region 4096
 CPUs: 16 total, 16 available
 Memory: 15706M
 Large Page Support: Disabled
 NUMA Support: Disabled
 Compressed Oops: Enabled (Zero based)
 Heap Region Size: 2M
 Heap Min Capacity: 8M
 Heap Initial Capacity: 246M
 Heap Max Capacity: 3928M
 Pre-touch: Disabled
 Parallel Workers: 13
 Concurrent Workers: 3
 Concurrent Refinement Workers: 13
 Periodic GC: Disabled
Heap:
 garbage-first heap   total 96256K, used 71850K [0x000000070a800000, 0x0000000800000000)
  region size 2048K, 14 young (28672K), 2 survivors (4096K)
 Metaspace       used 103763K, committed 104640K, reserved 1179648K
  class space    used 13934K, committed 14336K, reserved 1048576K
GC Heap History (20 events):
Event: 55.259 GC heap before
{Heap before GC invocations=13 (full 0):
 garbage-first heap   total 96256K, used 80271K [0x000000070a800000, 0x0000000800000000)
  region size 2048K, 28 young (57344K), 3 survivors (6144K)
 Metaspace       used 80512K, committed 81216K, reserved 1179648K
  class space    used 10856K, committed 11200K, reserved 1048576K
}
Event: 55.268 GC heap after
{Heap after GC invocations=14 (full 0):
 garbage-first heap   total 96256K, used 34693K [0x000000070a800000, 0x0000000800000000)
  region size 2048K, 4 young (8192K), 4 survivors (8192K)
 Metaspace       used 80512K, committed 81216K, reserved 1179648K
  class space    used 10856K, committed 11200K, reserved 1048576K
}
Event: 56.005 GC heap before
{Heap before GC invocations=14 (full 0):
 garbage-first heap   total 96256K, used 81797K [0x000000070a800000, 0x0000000800000000)
  region size 2048K, 27 young (55296K), 4 survivors (8192K)
 Metaspace       used 80587K, committed 81344K, reserved 1179648K
  class space    used 10861K, committed 11200K, reserved 1048576K
}
Event: 56.020 GC heap after
{Heap after GC invocations=15 (full 0):
 garbage-first heap   total 96256K, used 36597K [0x000000070a800000, 0x0000000800000000)
  region size 2048K, 3 young (6144K), 3 survivors (6144K)
 Metaspace       used 80587K, committed 81344K, reserved 1179648K
  class space    used 10861K, committed 11200K, reserved 1048576K
}
Event: 56.768 GC heap before
{Heap before GC invocations=15 (full 0):
 garbage-first heap   total 96256K, used 81653K [0x000000070a800000, 0x0000000800000000)
  region size 2048K, 26 young (53248K), 3 survivors (6144K)
 Metaspace       used 82642K, committed 83456K, reserved 1179648K
  class space    used 11295K, committed 11648K, reserved 1048576K
}
Event: 56.775 GC heap after
{Heap after GC invocations=16 (full 0):
 garbage-first heap   total 96256K, used 39906K [0x000000070a800000, 0x0000000800000000)
  region size 2048K, 3 young (6144K), 3 survivors (6144K)
 Metaspace       used 82642K, committed 83456K, reserved 1179648K
  class space    used 11295K, committed 11648K, reserved 1048576K
}
Event: 58.298 GC heap before
{Heap before GC invocations=17 (full 0):
 garbage-first heap   total 96256K, used 80866K [0x000000070a800000, 0x0000000800000000)
  region size 2048K, 23 young (47104K), 3 survivors (6144K)
 Metaspace       used 86654K, committed 87424K, reserved 1179648K
  class space    used 11939K, committed 12288K, reserved 1048576K
}
Event: 58.303 GC heap after
{Heap after GC invocations=18 (full 0):
 garbage-first heap   total 96256K, used 40611K [0x000000070a800000, 0x0000000800000000)
  region size 2048K, 2 young (4096K), 2 survivors (4096K)
 Metaspace       used 86654K, committed 87424K, reserved 1179648K
  class space    used 11939K, committed 12288K, reserved 1048576K
}
Event: 60.783 GC heap before
{Heap before GC invocations=18 (full 0):
 garbage-first heap   total 96256K, used 83619K [0x000000070a800000, 0x0000000800000000)
  region size 2048K, 23 young (47104K), 2 survivors (4096K)
 Metaspace       used 90418K, committed 91264K, reserved 1179648K
  class space    used 12461K, committed 12864K, reserved 1048576K
}
Event: 60.791 GC heap after
{Heap after GC invocations=19 (full 0):
 garbage-first heap   total 96256K, used 42674K [0x000000070a800000, 0x0000000800000000)
  region size 2048K, 3 young (6144K), 3 survivors (6144K)
 Metaspace       used 90418K, committed 91264K, reserved 1179648K
  class space    used 12461K, committed 12864K, reserved 1048576K
}
Event: 62.184 GC heap before
{Heap before GC invocations=19 (full 0):
 garbage-first heap   total 96256K, used 81586K [0x000000070a800000, 0x0000000800000000)
  region size 2048K, 22 young (45056K), 3 survivors (6144K)
 Metaspace       used 96784K, committed 97664K, reserved 1179648K
  class space    used 13207K, committed 13632K, reserved 1048576K
}
Event: 62.190 GC heap after
{Heap after GC invocations=20 (full 0):
 garbage-first heap   total 96256K, used 45285K [0x000000070a800000, 0x0000000800000000)
  region size 2048K, 3 young (6144K), 3 survivors (6144K)
 Metaspace       used 96784K, committed 97664K, reserved 1179648K
  class space    used 13207K, committed 13632K, reserved 1048576K
}
Event: 656.653 GC heap before
{Heap before GC invocations=21 (full 0):
 garbage-first heap   total 96256K, used 82149K [0x000000070a800000, 0x0000000800000000)
  region size 2048K, 21 young (43008K), 3 survivors (6144K)
 Metaspace       used 101190K, committed 102016K, reserved 1179648K
  class space    used 13707K, committed 14080K, reserved 1048576K
}
Event: 656.715 GC heap after
{Heap after GC invocations=22 (full 0):
 garbage-first heap   total 96256K, used 47793K [0x000000070a800000, 0x0000000800000000)
  region size 2048K, 3 young (6144K), 3 survivors (6144K)
 Metaspace       used 101190K, committed 102016K, reserved 1179648K
  class space    used 13707K, committed 14080K, reserved 1048576K
}
Event: 664.042 GC heap before
{Heap before GC invocations=22 (full 0):
 garbage-first heap   total 96256K, used 82609K [0x000000070a800000, 0x0000000800000000)
  region size 2048K, 20 young (40960K), 3 survivors (6144K)
 Metaspace       used 103024K, committed 104000K, reserved 1179648K
  class space    used 13905K, committed 14336K, reserved 1048576K
}
Event: 664.098 GC heap after
{Heap after GC invocations=23 (full 0):
 garbage-first heap   total 96256K, used 48424K [0x000000070a800000, 0x0000000800000000)
  region size 2048K, 2 young (4096K), 2 survivors (4096K)
 Metaspace       used 103024K, committed 104000K, reserved 1179648K
  class space    used 13905K, committed 14336K, reserved 1048576K
}
Event: 1678.112 GC heap before
{Heap before GC invocations=23 (full 0):
 garbage-first heap   total 96256K, used 85288K [0x000000070a800000, 0x0000000800000000)
  region size 2048K, 20 young (40960K), 2 survivors (4096K)
 Metaspace       used 103403K, committed 104320K, reserved 1179648K
  class space    used 13928K, committed 14336K, reserved 1048576K
}
Event: 1678.115 GC heap after
{Heap after GC invocations=24 (full 0):
 garbage-first heap   total 96256K, used 49495K [0x000000070a800000, 0x0000000800000000)
  region size 2048K, 2 young (4096K), 2 survivors (4096K)
 Metaspace       used 103403K, committed 104320K, reserved 1179648K
  class space    used 13928K, committed 14336K, reserved 1048576K
}
Event: 3061.290 GC heap before
{Heap before GC invocations=25 (full 0):
 garbage-first heap   total 96256K, used 84311K [0x000000070a800000, 0x0000000800000000)
  region size 2048K, 19 young (38912K), 2 survivors (4096K)
 Metaspace       used 103558K, committed 104512K, reserved 1179648K
  class space    used 13928K, committed 14336K, reserved 1048576K
}
Event: 3061.293 GC heap after
{Heap after GC invocations=26 (full 0):
 garbage-first heap   total 96256K, used 49322K [0x000000070a800000, 0x0000000800000000)
  region size 2048K, 2 young (4096K), 2 survivors (4096K)
 Metaspace       used 103558K, committed 104512K, reserved 1179648K
  class space    used 13928K, committed 14336K, reserved 1048576K
}

