# JRE version: Java(TM) SE Runtime Environment (21.0.8+12) (build 21.0.8+12-LTS-250)
# Java VM: Java HotSpot(TM) 64-Bit Server VM (21.0.8+12-LTS-250, mixed mode, sharing, tiered, compressed oops, compressed class ptrs, g1 gc, windows-amd64)
GC Precious Log:
 CardTable entry size: 512
 Card Set container configuration: InlinePtr #cards 4 size 8 Array Of Cards #cards 16 size 48 Howl #buckets 8 coarsen threshold 3686 Howl Bitmap #cards 512 size 80 coarsen threshold 460 Card regions per heap region 1 cards per card region 4096
 CPUs: 16 total, 16 available
 Memory: 15706M
 Large Page Support: Disabled
 NUMA Support: Disabled
 Compressed Oops: Enabled (Zero based)
 Heap Region Size: 2M
 Heap Min Capacity: 8M
 Heap Initial Capacity: 246M
 Heap Max Capacity: 3928M
 Pre-touch: Disabled
 Parallel Workers: 13
 Concurrent Workers: 3
 Concurrent Refinement Workers: 13
 Periodic GC: Disabled
Heap:
 garbage-first heap   total 86016K, used 53143K [0x000000070a800000, 0x0000000800000000)
  region size 2048K, 13 young (26624K), 3 survivors (6144K)
 Metaspace       used 77497K, committed 78144K, reserved 1179648K
  class space    used 10538K, committed 10816K, reserved 1048576K
GC Heap History (20 events):
Event: 2.234 GC heap before
{Heap before GC invocations=1 (full 0):
 garbage-first heap   total 251904K, used 31629K [0x000000070a800000, 0x0000000800000000)
  region size 2048K, 13 young (26624K), 2 survivors (4096K)
 Metaspace       used 10281K, committed 10624K, reserved 1114112K
  class space    used 1272K, committed 1472K, reserved 1048576K
}
Event: 2.241 GC heap after
{Heap after GC invocations=2 (full 0):
 garbage-first heap   total 251904K, used 11749K [0x000000070a800000, 0x0000000800000000)
  region size 2048K, 1 young (2048K), 1 survivors (2048K)
 Metaspace       used 10281K, committed 10624K, reserved 1114112K
  class space    used 1272K, committed 1472K, reserved 1048576K
}
Event: 3.153 GC heap before
{Heap before GC invocations=2 (full 0):
 garbage-first heap   total 251904K, used 54757K [0x000000070a800000, 0x0000000800000000)
  region size 2048K, 23 young (47104K), 1 survivors (2048K)
 Metaspace       used 21136K, committed 21504K, reserved 1114112K
  class space    used 2492K, committed 2688K, reserved 1048576K
}
Event: 3.161 GC heap after
{Heap after GC invocations=3 (full 0):
 garbage-first heap   total 251904K, used 15727K [0x000000070a800000, 0x0000000800000000)
  region size 2048K, 3 young (6144K), 3 survivors (6144K)
 Metaspace       used 21136K, committed 21504K, reserved 1114112K
  class space    used 2492K, committed 2688K, reserved 1048576K
}
Event: 4.041 GC heap before
{Heap before GC invocations=4 (full 0):
 garbage-first heap   total 61440K, used 58735K [0x000000070a800000, 0x0000000800000000)
  region size 2048K, 25 young (51200K), 3 survivors (6144K)
 Metaspace       used 28121K, committed 28544K, reserved 1114112K
  class space    used 3419K, committed 3648K, reserved 1048576K
}
Event: 4.055 GC heap after
{Heap after GC invocations=5 (full 0):
 garbage-first heap   total 71680K, used 19728K [0x000000070a800000, 0x0000000800000000)
  region size 2048K, 5 young (10240K), 5 survivors (10240K)
 Metaspace       used 28121K, committed 28544K, reserved 1114112K
  class space    used 3419K, committed 3648K, reserved 1048576K
}
Event: 5.210 GC heap before
{Heap before GC invocations=5 (full 0):
 garbage-first heap   total 71680K, used 52496K [0x000000070a800000, 0x0000000800000000)
  region size 2048K, 21 young (43008K), 5 survivors (10240K)
 Metaspace       used 33277K, committed 33728K, reserved 1114112K
  class space    used 4143K, committed 4352K, reserved 1048576K
}
Event: 5.231 GC heap after
{Heap after GC invocations=6 (full 0):
 garbage-first heap   total 71680K, used 20808K [0x000000070a800000, 0x0000000800000000)
  region size 2048K, 2 young (4096K), 2 survivors (4096K)
 Metaspace       used 33277K, committed 33728K, reserved 1114112K
  class space    used 4143K, committed 4352K, reserved 1048576K
}
Event: 5.717 GC heap before
{Heap before GC invocations=6 (full 0):
 garbage-first heap   total 71680K, used 33096K [0x000000070a800000, 0x0000000800000000)
  region size 2048K, 9 young (18432K), 2 survivors (4096K)
 Metaspace       used 35511K, committed 35968K, reserved 1114112K
  class space    used 4403K, committed 4608K, reserved 1048576K
}
Event: 5.724 GC heap after
{Heap after GC invocations=7 (full 0):
 garbage-first heap   total 71680K, used 21059K [0x000000070a800000, 0x0000000800000000)
  region size 2048K, 2 young (4096K), 2 survivors (4096K)
 Metaspace       used 35511K, committed 35968K, reserved 1114112K
  class space    used 4403K, committed 4608K, reserved 1048576K
}
Event: 7.517 GC heap before
{Heap before GC invocations=8 (full 0):
 garbage-first heap   total 71680K, used 55875K [0x000000070a800000, 0x0000000800000000)
  region size 2048K, 19 young (38912K), 2 survivors (4096K)
 Metaspace       used 41694K, committed 42240K, reserved 1114112K
  class space    used 5253K, committed 5504K, reserved 1048576K
}
Event: 7.533 GC heap after
{Heap after GC invocations=9 (full 0):
 garbage-first heap   total 86016K, used 24168K [0x000000070a800000, 0x0000000800000000)
  region size 2048K, 3 young (6144K), 3 survivors (6144K)
 Metaspace       used 41694K, committed 42240K, reserved 1114112K
  class space    used 5253K, committed 5504K, reserved 1048576K
}
Event: 9.203 GC heap before
{Heap before GC invocations=9 (full 0):
 garbage-first heap   total 86016K, used 69224K [0x000000070a800000, 0x0000000800000000)
  region size 2048K, 25 young (51200K), 3 survivors (6144K)
 Metaspace       used 50763K, committed 51392K, reserved 1114112K
  class space    used 6800K, committed 7040K, reserved 1048576K
}
Event: 9.213 GC heap after
{Heap after GC invocations=10 (full 0):
 garbage-first heap   total 86016K, used 26811K [0x000000070a800000, 0x0000000800000000)
  region size 2048K, 4 young (8192K), 4 survivors (8192K)
 Metaspace       used 50763K, committed 51392K, reserved 1114112K
  class space    used 6800K, committed 7040K, reserved 1048576K
}
Event: 10.445 GC heap before
{Heap before GC invocations=10 (full 0):
 garbage-first heap   total 86016K, used 57531K [0x000000070a800000, 0x0000000800000000)
  region size 2048K, 20 young (40960K), 4 survivors (8192K)
 Metaspace       used 59582K, committed 60160K, reserved 1114112K
  class space    used 7837K, committed 8128K, reserved 1048576K
}
Event: 10.455 GC heap after
{Heap after GC invocations=11 (full 0):
 garbage-first heap   total 86016K, used 29518K [0x000000070a800000, 0x0000000800000000)
  region size 2048K, 3 young (6144K), 3 survivors (6144K)
 Metaspace       used 59582K, committed 60160K, reserved 1114112K
  class space    used 7837K, committed 8128K, reserved 1048576K
}
Event: 13.380 GC heap before
{Heap before GC invocations=12 (full 0):
 garbage-first heap   total 86016K, used 72526K [0x000000070a800000, 0x0000000800000000)
  region size 2048K, 24 young (49152K), 3 survivors (6144K)
 Metaspace       used 70544K, committed 71168K, reserved 1114112K
  class space    used 9518K, committed 9792K, reserved 1048576K
}
Event: 13.387 GC heap after
{Heap after GC invocations=13 (full 0):
 garbage-first heap   total 86016K, used 31605K [0x000000070a800000, 0x0000000800000000)
  region size 2048K, 3 young (6144K), 3 survivors (6144K)
 Metaspace       used 70544K, committed 71168K, reserved 1114112K
  class space    used 9518K, committed 9792K, reserved 1048576K
}
Event: 14.990 GC heap before
{Heap before GC invocations=13 (full 0):
 garbage-first heap   total 86016K, used 68469K [0x000000070a800000, 0x0000000800000000)
  region size 2048K, 22 young (45056K), 3 survivors (6144K)
 Metaspace       used 77435K, committed 78080K, reserved 1179648K
  class space    used 10533K, committed 10816K, reserved 1048576K
}
Event: 15.003 GC heap after
{Heap after GC invocations=14 (full 0):
 garbage-first heap   total 86016K, used 34711K [0x000000070a800000, 0x0000000800000000)
  region size 2048K, 3 young (6144K), 3 survivors (6144K)
 Metaspace       used 77435K, committed 78080K, reserved 1179648K
  class space    used 10533K, committed 10816K, reserved 1048576K
}

