# JRE version: Java(TM) SE Runtime Environment (21.0.8+12) (build 21.0.8+12-LTS-250)
# Java VM: Java HotSpot(TM) 64-Bit Server VM (21.0.8+12-LTS-250, mixed mode, sharing, tiered, compressed oops, compressed class ptrs, g1 gc, windows-amd64)
GC Precious Log:
 CardTable entry size: 512
 Card Set container configuration: InlinePtr #cards 4 size 8 Array Of Cards #cards 16 size 48 Howl #buckets 8 coarsen threshold 3686 Howl Bitmap #cards 512 size 80 coarsen threshold 460 Card regions per heap region 1 cards per card region 4096
 CPUs: 16 total, 16 available
 Memory: 15706M
 Large Page Support: Disabled
 NUMA Support: Disabled
 Compressed Oops: Enabled (Zero based)
 Heap Region Size: 2M
 Heap Min Capacity: 8M
 Heap Initial Capacity: 246M
 Heap Max Capacity: 3928M
 Pre-touch: Disabled
 Parallel Workers: 13
 Concurrent Workers: 3
 Concurrent Refinement Workers: 13
 Periodic GC: Disabled
Heap:
 garbage-first heap   total 96256K, used 79130K [0x000000070a800000, 0x0000000800000000)
  region size 2048K, 21 young (43008K), 3 survivors (6144K)
 Metaspace       used 100995K, committed 101888K, reserved 1179648K
  class space    used 13690K, committed 14080K, reserved 1048576K
GC Heap History (20 events):
Event: 17.815 GC heap before
{Heap before GC invocations=9 (full 0):
 garbage-first heap   total 79872K, used 64936K [0x000000070a800000, 0x0000000800000000)
  region size 2048K, 23 young (47104K), 3 survivors (6144K)
 Metaspace       used 49900K, committed 50560K, reserved 1114112K
  class space    used 6424K, committed 6720K, reserved 1048576K
}
Event: 17.822 GC heap after
{Heap after GC invocations=10 (full 0):
 garbage-first heap   total 79872K, used 27095K [0x000000070a800000, 0x0000000800000000)
  region size 2048K, 2 young (4096K), 2 survivors (4096K)
 Metaspace       used 49900K, committed 50560K, reserved 1114112K
  class space    used 6424K, committed 6720K, reserved 1048576K
}
Event: 19.549 GC heap before
{Heap before GC invocations=10 (full 0):
 garbage-first heap   total 79872K, used 51671K [0x000000070a800000, 0x0000000800000000)
  region size 2048K, 15 young (30720K), 2 survivors (4096K)
 Metaspace       used 59477K, committed 60096K, reserved 1114112K
  class space    used 7787K, committed 8064K, reserved 1048576K
}
Event: 19.553 GC heap after
{Heap after GC invocations=11 (full 0):
 garbage-first heap   total 79872K, used 29078K [0x000000070a800000, 0x0000000800000000)
  region size 2048K, 3 young (6144K), 3 survivors (6144K)
 Metaspace       used 59477K, committed 60096K, reserved 1114112K
  class space    used 7787K, committed 8064K, reserved 1048576K
}
Event: 22.317 GC heap before
{Heap before GC invocations=12 (full 0):
 garbage-first heap   total 79872K, used 63894K [0x000000070a800000, 0x0000000800000000)
  region size 2048K, 21 young (43008K), 3 survivors (6144K)
 Metaspace       used 69460K, committed 70080K, reserved 1114112K
  class space    used 8945K, committed 9216K, reserved 1048576K
}
Event: 22.322 GC heap after
{Heap after GC invocations=13 (full 0):
 garbage-first heap   total 79872K, used 31141K [0x000000070a800000, 0x0000000800000000)
  region size 2048K, 3 young (6144K), 3 survivors (6144K)
 Metaspace       used 69460K, committed 70080K, reserved 1114112K
  class space    used 8945K, committed 9216K, reserved 1048576K
}
Event: 24.286 GC heap before
{Heap before GC invocations=13 (full 0):
 garbage-first heap   total 79872K, used 63909K [0x000000070a800000, 0x0000000800000000)
  region size 2048K, 20 young (40960K), 3 survivors (6144K)
 Metaspace       used 78165K, committed 78848K, reserved 1179648K
  class space    used 10377K, committed 10688K, reserved 1048576K
}
Event: 24.292 GC heap after
{Heap after GC invocations=14 (full 0):
 garbage-first heap   total 79872K, used 32704K [0x000000070a800000, 0x0000000800000000)
  region size 2048K, 2 young (4096K), 2 survivors (4096K)
 Metaspace       used 78165K, committed 78848K, reserved 1179648K
  class space    used 10377K, committed 10688K, reserved 1048576K
}
Event: 27.743 GC heap before
{Heap before GC invocations=14 (full 0):
 garbage-first heap   total 79872K, used 67520K [0x000000070a800000, 0x0000000800000000)
  region size 2048K, 19 young (38912K), 2 survivors (4096K)
 Metaspace       used 84259K, committed 85056K, reserved 1179648K
  class space    used 11276K, committed 11648K, reserved 1048576K
}
Event: 27.749 GC heap after
{Heap after GC invocations=15 (full 0):
 garbage-first heap   total 79872K, used 36483K [0x000000070a800000, 0x0000000800000000)
  region size 2048K, 3 young (6144K), 3 survivors (6144K)
 Metaspace       used 84259K, committed 85056K, reserved 1179648K
  class space    used 11276K, committed 11648K, reserved 1048576K
}
Event: 28.000 GC heap before
{Heap before GC invocations=15 (full 0):
 garbage-first heap   total 79872K, used 65155K [0x000000070a800000, 0x0000000800000000)
  region size 2048K, 17 young (34816K), 3 survivors (6144K)
 Metaspace       used 84332K, committed 85120K, reserved 1179648K
  class space    used 11281K, committed 11648K, reserved 1048576K
}
Event: 28.007 GC heap after
{Heap after GC invocations=16 (full 0):
 garbage-first heap   total 79872K, used 37514K [0x000000070a800000, 0x0000000800000000)
  region size 2048K, 1 young (2048K), 1 survivors (2048K)
 Metaspace       used 84332K, committed 85120K, reserved 1179648K
  class space    used 11281K, committed 11648K, reserved 1048576K
}
Event: 28.273 GC heap before
{Heap before GC invocations=17 (full 0):
 garbage-first heap   total 79872K, used 70282K [0x000000070a800000, 0x0000000800000000)
  region size 2048K, 17 young (34816K), 1 survivors (2048K)
 Metaspace       used 84341K, committed 85120K, reserved 1179648K
  class space    used 11281K, committed 11648K, reserved 1048576K
}
Event: 28.280 GC heap after
{Heap after GC invocations=18 (full 0):
 garbage-first heap   total 96256K, used 42423K [0x000000070a800000, 0x0000000800000000)
  region size 2048K, 3 young (6144K), 3 survivors (6144K)
 Metaspace       used 84341K, committed 85120K, reserved 1179648K
  class space    used 11281K, committed 11648K, reserved 1048576K
}
Event: 29.324 GC heap before
{Heap before GC invocations=18 (full 0):
 garbage-first heap   total 96256K, used 83383K [0x000000070a800000, 0x0000000800000000)
  region size 2048K, 23 young (47104K), 3 survivors (6144K)
 Metaspace       used 88118K, committed 88896K, reserved 1179648K
  class space    used 12055K, committed 12416K, reserved 1048576K
}
Event: 29.328 GC heap after
{Heap after GC invocations=19 (full 0):
 garbage-first heap   total 96256K, used 39292K [0x000000070a800000, 0x0000000800000000)
  region size 2048K, 2 young (4096K), 2 survivors (4096K)
 Metaspace       used 88118K, committed 88896K, reserved 1179648K
  class space    used 12055K, committed 12416K, reserved 1048576K
}
Event: 30.314 GC heap before
{Heap before GC invocations=19 (full 0):
 garbage-first heap   total 96256K, used 82300K [0x000000070a800000, 0x0000000800000000)
  region size 2048K, 23 young (47104K), 2 survivors (4096K)
 Metaspace       used 90988K, committed 91776K, reserved 1179648K
  class space    used 12435K, committed 12800K, reserved 1048576K
}
Event: 30.318 GC heap after
{Heap after GC invocations=20 (full 0):
 garbage-first heap   total 96256K, used 41796K [0x000000070a800000, 0x0000000800000000)
  region size 2048K, 3 young (6144K), 3 survivors (6144K)
 Metaspace       used 90988K, committed 91776K, reserved 1179648K
  class space    used 12435K, committed 12800K, reserved 1048576K
}
Event: 32.515 GC heap before
{Heap before GC invocations=21 (full 0):
 garbage-first heap   total 96256K, used 82756K [0x000000070a800000, 0x0000000800000000)
  region size 2048K, 23 young (47104K), 3 survivors (6144K)
 Metaspace       used 94801K, committed 95616K, reserved 1179648K
  class space    used 12942K, committed 13312K, reserved 1048576K
}
Event: 32.521 GC heap after
{Heap after GC invocations=22 (full 0):
 garbage-first heap   total 96256K, used 44314K [0x000000070a800000, 0x0000000800000000)
  region size 2048K, 3 young (6144K), 3 survivors (6144K)
 Metaspace       used 94801K, committed 95616K, reserved 1179648K
  class space    used 12942K, committed 13312K, reserved 1048576K
}

